<?xml version='1.0' encoding='UTF-8'?>
<!DOCTYPE coverage SYSTEM 'http://cobertura.sourceforge.net/xml/coverage-04.dtd'>
<coverage line-rate="1.0" branch-rate="0.5" lines-covered="32" lines-valid="32" branches-covered="35" branches-valid="70" complexity="0.0" timestamp="1607440915" version="gcovr 4.2">
  <sources>
    <source>/Users/a-cherepkov/hw_nikita/TechProgTemplates/task5/src</source>
  </sources>
  <packages>
    <package name="03-weather" line-rate="1.0" branch-rate="0.5" complexity="0.0">
      <classes>
        <class name="Weather_cpp" filename="03-weather/Weather.cpp" line-rate="1.0" branch-rate="0.5" complexity="0.0">
          <methods/>
          <lines>
            <line number="10" hits="35" branch="false"/>
            <line number="11" hits="35" branch="false"/>
            <line number="13" hits="35" branch="true" condition-coverage="100% (2/2)">
              <conditions>
                <condition number="0" type="jump" coverage="100%"/>
              </conditions>
            </line>
            <line number="14" hits="8" branch="true" condition-coverage="50% (2/4)">
              <conditions>
                <condition number="0" type="jump" coverage="50%"/>
              </conditions>
            </line>
            <line number="16" hits="27" branch="true" condition-coverage="50% (2/4)">
              <conditions>
                <condition number="0" type="jump" coverage="50%"/>
              </conditions>
            </line>
            <line number="17" hits="27" branch="false"/>
            <line number="18" hits="35" branch="true" condition-coverage="50% (1/2)">
              <conditions>
                <condition number="0" type="jump" coverage="50%"/>
              </conditions>
            </line>
            <line number="20" hits="35" branch="false"/>
            <line number="21" hits="35" branch="false"/>
            <line number="22" hits="35" branch="true" condition-coverage="50% (5/10)">
              <conditions>
                <condition number="0" type="jump" coverage="50%"/>
              </conditions>
            </line>
            <line number="23" hits="27" branch="false"/>
            <line number="25" hits="35" branch="false"/>
            <line number="26" hits="105" branch="true" condition-coverage="50% (3/6)">
              <conditions>
                <condition number="0" type="jump" coverage="50%"/>
              </conditions>
            </line>
            <line number="27" hits="35" branch="true" condition-coverage="16% (1/6)">
              <conditions>
                <condition number="0" type="jump" coverage="16%"/>
              </conditions>
            </line>
            <line number="28" hits="35" branch="true" condition-coverage="50% (1/2)">
              <conditions>
                <condition number="0" type="jump" coverage="50%"/>
              </conditions>
            </line>
            <line number="29" hits="35" branch="true" condition-coverage="50% (1/2)">
              <conditions>
                <condition number="0" type="jump" coverage="50%"/>
              </conditions>
            </line>
            <line number="30" hits="35" branch="true" condition-coverage="50% (1/2)">
              <conditions>
                <condition number="0" type="jump" coverage="50%"/>
              </conditions>
            </line>
            <line number="35" hits="7" branch="false"/>
            <line number="36" hits="7" branch="false"/>
            <line number="37" hits="7" branch="false"/>
            <line number="38" hits="7" branch="true" condition-coverage="50% (3/6)">
              <conditions>
                <condition number="0" type="jump" coverage="50%"/>
              </conditions>
            </line>
            <line number="39" hits="6" branch="true" condition-coverage="100% (2/2)">
              <conditions>
                <condition number="0" type="jump" coverage="100%"/>
              </conditions>
            </line>
            <line number="40" hits="3" branch="true" condition-coverage="50% (5/10)">
              <conditions>
                <condition number="0" type="jump" coverage="50%"/>
              </conditions>
            </line>
            <line number="41" hits="3" branch="false"/>
            <line number="42" hits="3" branch="true" condition-coverage="50% (5/10)">
              <conditions>
                <condition number="0" type="jump" coverage="50%"/>
              </conditions>
            </line>
            <line number="45" hits="6" branch="true" condition-coverage="50% (1/2)">
              <conditions>
                <condition number="0" type="jump" coverage="50%"/>
              </conditions>
            </line>
            <line number="46" hits="6" branch="false"/>
            <line number="48" hits="13" branch="false"/>
            <line number="49" hits="13" branch="false"/>
            <line number="51" hits="12" branch="false"/>
            <line number="52" hits="12" branch="false"/>
            <line number="54" hits="12" branch="false"/>
          </lines>
        </class>
      </classes>
    </package>
  </packages>
</coverage>
